#
# A fatal error has been detected by the Java Runtime Environment:
#
#  Internal Error (t:/workspace/open/src/hotspot/share/oops/generateOopMap.cpp:2162), pid=10412, tid=6844
#  fatal error: Illegal class file encountered. Try running with -Xverify:all in method binarySearch
#
# JRE version: Java(TM) SE Runtime Environment (10.0.1+10) (build 10.0.1+10)
# Java VM: Java HotSpot(TM) 64-Bit Server VM (10.0.1+10, mixed mode, tiered, compressed oops, g1 gc, windows-amd64)
# No core dump will be written. Minidumps are not enabled by default on client versions of Windows
#
# If you would like to submit a bug report, please visit:
#   http://bugreport.java.com/bugreport/crash.jsp
#

---------------  S U M M A R Y ------------

Command Line: -agentlib:jdwp=transport=dt_socket,suspend=y,address=localhost:62796 -ea -javaagent:C:\Users\Dan\eclipse\java-2018-09\eclipse\configuration\org.eclipse.osgi\237\0\.cp\lib\javaagent-shaded.jar -Dfile.encoding=Cp1252 org.eclipse.jdt.internal.junit.runner.RemoteTestRunner -version 3 -port 62795 -testLoaderClass org.eclipse.jdt.internal.junit5.runner.JUnit5TestLoader -loaderpluginname org.eclipse.jdt.junit5.runtime -classNames assign03.SimplePriorityQueueTester

Host: Intel(R) Core(TM) i7-6500U CPU @ 2.50GHz, 4 cores, 7G,  Windows 10 , 64 bit Build 17134 (10.0.17134.1)
Time: Wed Jan 30 17:23:08 2019 Mountain Standard Time elapsed time: 594 seconds (0d 0h 9m 54s)

---------------  T H R E A D  ---------------

Current thread (0x000001a2a420e800):  VMThread "VM Thread" [stack: 0x0000008b9d600000,0x0000008b9d700000] [id=6844]

Stack: [0x0000008b9d600000,0x0000008b9d700000]
[error occurred during error reporting (printing stack bounds), id 0xe0000000]

Native frames: (J=compiled Java code, j=interpreted, Vv=VM code, C=native code)
V  [jvm.dll+0x5a0369]
V  [jvm.dll+0x6bcf81]
V  [jvm.dll+0x6be176]
V  [jvm.dll+0x6be765]
V  [jvm.dll+0x6be71b]
V  [jvm.dll+0x59fb63]
V  [jvm.dll+0x59ff68]
C  [ntdll.dll+0x9f7dd]
C  [ntdll.dll+0xd856]
C  [ntdll.dll+0x9e70e]
C  0x000001a28e1c0ead

VM_Operation (0x0000008b9dfff4b0): GetOrSetLocal, mode: safepoint, requested by thread 0x000001a2a5028800


---------------  P R O C E S S  ---------------

Threads class SMR info:
_java_thread_list=0x000001a2a529bb20, length=15, elements={
0x000001a282e37000, 0x000001a2a4221000, 0x000001a2a4224800, 0x000001a2a4b82800,
0x000001a2a422e000, 0x000001a2a422f000, 0x000001a2a423a800, 0x000001a2a423e800,
0x000001a2a4247800, 0x000001a2a5028800, 0x000001a2a4e86800, 0x000001a2a4e45000,
0x000001a2a4f4a000, 0x000001a2a4f4d000, 0x000001a2a4f49000
}

Java Threads: ( => current thread )
  0x000001a282e37000 JavaThread "main" [_thread_blocked, id=16924, stack(0x0000008b9ca00000,0x0000008b9cb00000)]
  0x000001a2a4221000 JavaThread "Reference Handler" daemon [_thread_blocked, id=12468, stack(0x0000008b9d700000,0x0000008b9d800000)]
  0x000001a2a4224800 JavaThread "Finalizer" daemon [_thread_blocked, id=7232, stack(0x0000008b9d800000,0x0000008b9d900000)]
  0x000001a2a4b82800 JavaThread "Signal Dispatcher" daemon [_thread_blocked, id=13576, stack(0x0000008b9d900000,0x0000008b9da00000)]
  0x000001a2a422e000 JavaThread "Attach Listener" daemon [_thread_blocked, id=13500, stack(0x0000008b9da00000,0x0000008b9db00000)]
  0x000001a2a422f000 JavaThread "C2 CompilerThread0" daemon [_thread_blocked, id=11052, stack(0x0000008b9db00000,0x0000008b9dc00000)]
  0x000001a2a423a800 JavaThread "C2 CompilerThread1" daemon [_thread_blocked, id=14720, stack(0x0000008b9dc00000,0x0000008b9dd00000)]
  0x000001a2a423e800 JavaThread "C1 CompilerThread2" daemon [_thread_blocked, id=15296, stack(0x0000008b9dd00000,0x0000008b9de00000)]
  0x000001a2a4247800 JavaThread "Sweeper thread" daemon [_thread_blocked, id=9224, stack(0x0000008b9de00000,0x0000008b9df00000)]
  0x000001a2a5028800 JavaThread "JDWP Transport Listener: dt_socket" daemon [_thread_blocked, id=3068, stack(0x0000008b9df00000,0x0000008b9e000000)] _threads_hazard_ptr=0x000001a2a529bb20
  0x000001a2a4e86800 JavaThread "JDWP Event Helper Thread" daemon [_thread_blocked, id=12200, stack(0x0000008b9e000000,0x0000008b9e100000)]
  0x000001a2a4e45000 JavaThread "JDWP Command Reader" daemon [_thread_in_native, id=5536, stack(0x0000008b9e100000,0x0000008b9e200000)]
  0x000001a2a4f4a000 JavaThread "Common-Cleaner" daemon [_thread_blocked, id=10476, stack(0x0000008b9e200000,0x0000008b9e300000)]
  0x000001a2a4f4d000 JavaThread "Service Thread" daemon [_thread_blocked, id=15384, stack(0x0000008b9e300000,0x0000008b9e400000)]
  0x000001a2a4f49000 JavaThread "ReaderThread" [_thread_in_native, id=10428, stack(0x0000008b9e500000,0x0000008b9e600000)]

Other Threads:
=>0x000001a2a420e800 VMThread "VM Thread" [stack: 0x0000008b9d600000,0x0000008b9d700000] [id=6844]
  0x000001a2a5277800 WatcherThread [stack: 0x0000008b9e400000,0x0000008b9e500000] [id=13208]
  0x000001a282e52000 GCTaskThread "GC Thread#0" [stack: 0x0000008b9cb00000,0x0000008b9cc00000] [id=8164]
  0x000001a282e53800 GCTaskThread "GC Thread#1" [stack: 0x0000008b9cc00000,0x0000008b9cd00000] [id=15072]
  0x000001a282e56800 GCTaskThread "GC Thread#2" [stack: 0x0000008b9cd00000,0x0000008b9ce00000] [id=7396]
  0x000001a282e5b800 GCTaskThread "GC Thread#3" [stack: 0x0000008b9ce00000,0x0000008b9cf00000] [id=13552]
  0x000001a282ed0800 ConcurrentGCThread "G1 Main Marker" [stack: 0x0000008b9cf00000,0x0000008b9d000000] [id=6756]
  0x000001a282ed1800 ConcurrentGCThread "G1 Conc#0" [stack: 0x0000008b9d000000,0x0000008b9d100000] [id=15712]
  0x000001a282f0e800 ConcurrentGCThread "G1 Refine#0" [stack: 0x0000008b9d100000,0x0000008b9d200000] [id=6492]
  0x000001a2a4093800 ConcurrentGCThread "G1 Refine#1" [stack: 0x0000008b9d200000,0x0000008b9d300000] [id=10232]
  0x000001a2a409e800 ConcurrentGCThread "G1 Refine#2" [stack: 0x0000008b9d300000,0x0000008b9d400000] [id=6800]
  0x000001a2a40a1800 ConcurrentGCThread "G1 Refine#3" [stack: 0x0000008b9d400000,0x0000008b9d500000] [id=8268]
  0x000001a2a40a2800 ConcurrentGCThread "G1 Young RemSet Sampling" [stack: 0x0000008b9d500000,0x0000008b9d600000] [id=11836]

Threads with active compile tasks:

VM state:at safepoint (normal execution)

VM Mutex/Monitor currently owned by a thread:  ([mutex/lock_event])
[0x000001a282e34b80] Threads_lock - owner thread: 0x000001a2a420e800

Heap address: 0x0000000081600000, size: 2026 MB, Compressed Oops mode: 32-bit
Narrow klass base: 0x0000000000000000, Narrow klass shift: 3
Compressed class space size: 1073741824 Address: 0x0000000100000000

Heap:
 garbage-first heap   total 131072K, used 20794K [0x0000000081600000, 0x0000000100000000)
  region size 1024K, 21 young (21504K), 2 survivors (2048K)
 Metaspace       used 13064K, capacity 13443K, committed 13696K, reserved 1060864K
  class space    used 1245K, capacity 1382K, committed 1408K, reserved 1048576K
Heap Regions: E=young(eden), S=young(survivor), O=old, HS=humongous(starts), HC=humongous(continues), CS=collection set, F=free, A=archive, TS=gc time stamp, AC=allocation context, TAMS=top-at-mark-start (previous, next)
|   0|0x0000000081600000, 0x000000008164e800, 0x0000000081700000| 30%| O|  |TS  1|AC  0|TAMS 0x0000000081600000, 0x0000000081600000|
|   1|0x0000000081700000, 0x0000000081700000, 0x0000000081800000|  0%| F|  |TS  0|AC  0|TAMS 0x0000000081700000, 0x0000000081700000|
|   2|0x0000000081800000, 0x0000000081800000, 0x0000000081900000|  0%| F|  |TS  0|AC  0|TAMS 0x0000000081800000, 0x0000000081800000|
|   3|0x0000000081900000, 0x0000000081900000, 0x0000000081a00000|  0%| F|  |TS  0|AC  0|TAMS 0x0000000081900000, 0x0000000081900000|
|   4|0x0000000081a00000, 0x0000000081a00000, 0x0000000081b00000|  0%| F|  |TS  0|AC  0|TAMS 0x0000000081a00000, 0x0000000081a00000|
|   5|0x0000000081b00000, 0x0000000081b00000, 0x0000000081c00000|  0%| F|  |TS  0|AC  0|TAMS 0x0000000081b00000, 0x0000000081b00000|
|   6|0x0000000081c00000, 0x0000000081c00000, 0x0000000081d00000|  0%| F|  |TS  0|AC  0|TAMS 0x0000000081c00000, 0x0000000081c00000|
|   7|0x0000000081d00000, 0x0000000081d00000, 0x0000000081e00000|  0%| F|  |TS  0|AC  0|TAMS 0x0000000081d00000, 0x0000000081d00000|
|   8|0x0000000081e00000, 0x0000000081e00000, 0x0000000081f00000|  0%| F|  |TS  0|AC  0|TAMS 0x0000000081e00000, 0x0000000081e00000|
|   9|0x0000000081f00000, 0x0000000081f00000, 0x0000000082000000|  0%| F|  |TS  0|AC  0|TAMS 0x0000000081f00000, 0x0000000081f00000|
|  10|0x0000000082000000, 0x0000000082000000, 0x0000000082100000|  0%| F|  |TS  0|AC  0|TAMS 0x0000000082000000, 0x0000000082000000|
|  11|0x0000000082100000, 0x0000000082100000, 0x0000000082200000|  0%| F|  |TS  0|AC  0|TAMS 0x0000000082100000, 0x0000000082100000|
|  12|0x0000000082200000, 0x0000000082200000, 0x0000000082300000|  0%| F|  |TS  0|AC  0|TAMS 0x0000000082200000, 0x0000000082200000|
|  13|0x0000000082300000, 0x0000000082300000, 0x0000000082400000|  0%| F|  |TS  0|AC  0|TAMS 0x0000000082300000, 0x0000000082300000|
|  14|0x0000000082400000, 0x0000000082400000, 0x0000000082500000|  0%| F|  |TS  0|AC  0|TAMS 0x0000000082400000, 0x0000000082400000|
|  15|0x0000000082500000, 0x0000000082500000, 0x0000000082600000|  0%| F|  |TS  0|AC  0|TAMS 0x0000000082500000, 0x0000000082500000|
|  16|0x0000000082600000, 0x0000000082600000, 0x0000000082700000|  0%| F|  |TS  0|AC  0|TAMS 0x0000000082600000, 0x0000000082600000|
|  17|0x0000000082700000, 0x0000000082700000, 0x0000000082800000|  0%| F|  |TS  0|AC  0|TAMS 0x0000000082700000, 0x0000000082700000|
|  18|0x0000000082800000, 0x0000000082800000, 0x0000000082900000|  0%| F|  |TS  0|AC  0|TAMS 0x0000000082800000, 0x0000000082800000|
|  19|0x0000000082900000, 0x0000000082900000, 0x0000000082a00000|  0%| F|  |TS  0|AC  0|TAMS 0x0000000082900000, 0x0000000082900000|
|  20|0x0000000082a00000, 0x0000000082a00000, 0x0000000082b00000|  0%| F|  |TS  0|AC  0|TAMS 0x0000000082a00000, 0x0000000082a00000|
|  21|0x0000000082b00000, 0x0000000082b00000, 0x0000000082c00000|  0%| F|  |TS  0|AC  0|TAMS 0x0000000082b00000, 0x0000000082b00000|
|  22|0x0000000082c00000, 0x0000000082c00000, 0x0000000082d00000|  0%| F|  |TS  0|AC  0|TAMS 0x0000000082c00000, 0x0000000082c00000|
|  23|0x0000000082d00000, 0x0000000082d00000, 0x0000000082e00000|  0%| F|  |TS  0|AC  0|TAMS 0x0000000082d00000, 0x0000000082d00000|
|  24|0x0000000082e00000, 0x0000000082e00000, 0x0000000082f00000|  0%| F|  |TS  0|AC  0|TAMS 0x0000000082e00000, 0x0000000082e00000|
|  25|0x0000000082f00000, 0x0000000082f00000, 0x0000000083000000|  0%| F|  |TS  0|AC  0|TAMS 0x0000000082f00000, 0x0000000082f00000|
|  26|0x0000000083000000, 0x0000000083000000, 0x0000000083100000|  0%| F|  |TS  0|AC  0|TAMS 0x0000000083000000, 0x0000000083000000|
|  27|0x0000000083100000, 0x0000000083100000, 0x0000000083200000|  0%| F|  |TS  0|AC  0|TAMS 0x0000000083100000, 0x0000000083100000|
|  28|0x0000000083200000, 0x0000000083200000, 0x0000000083300000|  0%| F|  |TS  0|AC  0|TAMS 0x0000000083200000, 0x0000000083200000|
|  29|0x0000000083300000, 0x0000000083300000, 0x0000000083400000|  0%| F|  |TS  0|AC  0|TAMS 0x0000000083300000, 0x0000000083300000|
|  30|0x0000000083400000, 0x0000000083400000, 0x0000000083500000|  0%| F|  |TS  0|AC  0|TAMS 0x0000000083400000, 0x0000000083400000|
|  31|0x0000000083500000, 0x0000000083500000, 0x0000000083600000|  0%| F|  |TS  0|AC  0|TAMS 0x0000000083500000, 0x0000000083500000|
|  32|0x0000000083600000, 0x0000000083600000, 0x0000000083700000|  0%| F|  |TS  0|AC  0|TAMS 0x0000000083600000, 0x0000000083600000|
|  33|0x0000000083700000, 0x0000000083700000, 0x0000000083800000|  0%| F|  |TS  0|AC  0|TAMS 0x0000000083700000, 0x0000000083700000|
|  34|0x0000000083800000, 0x0000000083800000, 0x0000000083900000|  0%| F|  |TS  0|AC  0|TAMS 0x0000000083800000, 0x0000000083800000|
|  35|0x0000000083900000, 0x0000000083900000, 0x0000000083a00000|  0%| F|  |TS  0|AC  0|TAMS 0x0000000083900000, 0x0000000083900000|
|  36|0x0000000083a00000, 0x0000000083a00000, 0x0000000083b00000|  0%| F|  |TS  0|AC  0|TAMS 0x0000000083a00000, 0x0000000083a00000|
|  37|0x0000000083b00000, 0x0000000083b00000, 0x0000000083c00000|  0%| F|  |TS  0|AC  0|TAMS 0x0000000083b00000, 0x0000000083b00000|
|  38|0x0000000083c00000, 0x0000000083c00000, 0x0000000083d00000|  0%| F|  |TS  0|AC  0|TAMS 0x0000000083c00000, 0x0000000083c00000|
|  39|0x0000000083d00000, 0x0000000083d00000, 0x0000000083e00000|  0%| F|  |TS  0|AC  0|TAMS 0x0000000083d00000, 0x0000000083d00000|
|  40|0x0000000083e00000, 0x0000000083e00000, 0x0000000083f00000|  0%| F|  |TS  0|AC  0|TAMS 0x0000000083e00000, 0x0000000083e00000|
|  41|0x0000000083f00000, 0x0000000083f00000, 0x0000000084000000|  0%| F|  |TS  0|AC  0|TAMS 0x0000000083f00000, 0x0000000083f00000|
|  42|0x0000000084000000, 0x0000000084000000, 0x0000000084100000|  0%| F|  |TS  0|AC  0|TAMS 0x0000000084000000, 0x0000000084000000|
|  43|0x0000000084100000, 0x0000000084100000, 0x0000000084200000|  0%| F|  |TS  0|AC  0|TAMS 0x0000000084100000, 0x0000000084100000|
|  44|0x0000000084200000, 0x0000000084200000, 0x0000000084300000|  0%| F|  |TS  0|AC  0|TAMS 0x0000000084200000, 0x0000000084200000|
|  45|0x0000000084300000, 0x0000000084300000, 0x0000000084400000|  0%| F|  |TS  0|AC  0|TAMS 0x0000000084300000, 0x0000000084300000|
|  46|0x0000000084400000, 0x0000000084400000, 0x0000000084500000|  0%| F|  |TS  0|AC  0|TAMS 0x0000000084400000, 0x0000000084400000|
|  47|0x0000000084500000, 0x0000000084500000, 0x0000000084600000|  0%| F|  |TS  0|AC  0|TAMS 0x0000000084500000, 0x0000000084500000|
|  48|0x0000000084600000, 0x0000000084600000, 0x0000000084700000|  0%| F|  |TS  0|AC  0|TAMS 0x0000000084600000, 0x0000000084600000|
|  49|0x0000000084700000, 0x0000000084700000, 0x0000000084800000|  0%| F|  |TS  0|AC  0|TAMS 0x0000000084700000, 0x0000000084700000|
|  50|0x0000000084800000, 0x0000000084800000, 0x0000000084900000|  0%| F|  |TS  0|AC  0|TAMS 0x0000000084800000, 0x0000000084800000|
|  51|0x0000000084900000, 0x0000000084900000, 0x0000000084a00000|  0%| F|  |TS  0|AC  0|TAMS 0x0000000084900000, 0x0000000084900000|
|  52|0x0000000084a00000, 0x0000000084a00000, 0x0000000084b00000|  0%| F|  |TS  0|AC  0|TAMS 0x0000000084a00000, 0x0000000084a00000|
|  53|0x0000000084b00000, 0x0000000084b00000, 0x0000000084c00000|  0%| F|  |TS  0|AC  0|TAMS 0x0000000084b00000, 0x0000000084b00000|
|  54|0x0000000084c00000, 0x0000000084c00000, 0x0000000084d00000|  0%| F|  |TS  0|AC  0|TAMS 0x0000000084c00000, 0x0000000084c00000|
|  55|0x0000000084d00000, 0x0000000084d00000, 0x0000000084e00000|  0%| F|  |TS  0|AC  0|TAMS 0x0000000084d00000, 0x0000000084d00000|
|  56|0x0000000084e00000, 0x0000000084e00000, 0x0000000084f00000|  0%| F|  |TS  0|AC  0|TAMS 0x0000000084e00000, 0x0000000084e00000|
|  57|0x0000000084f00000, 0x0000000084f00000, 0x0000000085000000|  0%| F|  |TS  0|AC  0|TAMS 0x0000000084f00000, 0x0000000084f00000|
|  58|0x0000000085000000, 0x0000000085000000, 0x0000000085100000|  0%| F|  |TS  0|AC  0|TAMS 0x0000000085000000, 0x0000000085000000|
|  59|0x0000000085100000, 0x0000000085100000, 0x0000000085200000|  0%| F|  |TS  0|AC  0|TAMS 0x0000000085100000, 0x0000000085100000|
|  60|0x0000000085200000, 0x0000000085200000, 0x0000000085300000|  0%| F|  |TS  0|AC  0|TAMS 0x0000000085200000, 0x0000000085200000|
|  61|0x0000000085300000, 0x0000000085300000, 0x0000000085400000|  0%| F|  |TS  0|AC  0|TAMS 0x0000000085300000, 0x0000000085300000|
|  62|0x0000000085400000, 0x0000000085400000, 0x0000000085500000|  0%| F|  |TS  0|AC  0|TAMS 0x0000000085400000, 0x0000000085400000|
|  63|0x0000000085500000, 0x0000000085500000, 0x0000000085600000|  0%| F|  |TS  0|AC  0|TAMS 0x0000000085500000, 0x0000000085500000|
|  64|0x0000000085600000, 0x0000000085600000, 0x0000000085700000|  0%| F|  |TS  0|AC  0|TAMS 0x0000000085600000, 0x0000000085600000|
|  65|0x0000000085700000, 0x0000000085700000, 0x0000000085800000|  0%| F|  |TS  0|AC  0|TAMS 0x0000000085700000, 0x0000000085700000|
|  66|0x0000000085800000, 0x0000000085800000, 0x0000000085900000|  0%| F|  |TS  0|AC  0|TAMS 0x0000000085800000, 0x0000000085800000|
|  67|0x0000000085900000, 0x0000000085900000, 0x0000000085a00000|  0%| F|  |TS  0|AC  0|TAMS 0x0000000085900000, 0x0000000085900000|
|  68|0x0000000085a00000, 0x0000000085a00000, 0x0000000085b00000|  0%| F|  |TS  0|AC  0|TAMS 0x0000000085a00000, 0x0000000085a00000|
|  69|0x0000000085b00000, 0x0000000085b00000, 0x0000000085c00000|  0%| F|  |TS  0|AC  0|TAMS 0x0000000085b00000, 0x0000000085b00000|
|  70|0x0000000085c00000, 0x0000000085c00000, 0x0000000085d00000|  0%| F|  |TS  0|AC  0|TAMS 0x0000000085c00000, 0x0000000085c00000|
|  71|0x0000000085d00000, 0x0000000085d00000, 0x0000000085e00000|  0%| F|  |TS  0|AC  0|TAMS 0x0000000085d00000, 0x0000000085d00000|
|  72|0x0000000085e00000, 0x0000000085e00000, 0x0000000085f00000|  0%| F|  |TS  0|AC  0|TAMS 0x0000000085e00000, 0x0000000085e00000|
|  73|0x0000000085f00000, 0x0000000085f00000, 0x0000000086000000|  0%| F|  |TS  0|AC  0|TAMS 0x0000000085f00000, 0x0000000085f00000|
|  74|0x0000000086000000, 0x0000000086000000, 0x0000000086100000|  0%| F|  |TS  0|AC  0|TAMS 0x0000000086000000, 0x0000000086000000|
|  75|0x0000000086100000, 0x0000000086100000, 0x0000000086200000|  0%| F|  |TS  0|AC  0|TAMS 0x0000000086100000, 0x0000000086100000|
|  76|0x0000000086200000, 0x0000000086200000, 0x0000000086300000|  0%| F|  |TS  0|AC  0|TAMS 0x0000000086200000, 0x0000000086200000|
|  77|0x0000000086300000, 0x0000000086300000, 0x0000000086400000|  0%| F|  |TS  0|AC  0|TAMS 0x0000000086300000, 0x0000000086300000|
|  78|0x0000000086400000, 0x0000000086400000, 0x0000000086500000|  0%| F|  |TS  0|AC  0|TAMS 0x0000000086400000, 0x0000000086400000|
|  79|0x0000000086500000, 0x0000000086500000, 0x0000000086600000|  0%| F|  |TS  0|AC  0|TAMS 0x0000000086500000, 0x0000000086500000|
|  80|0x0000000086600000, 0x0000000086600000, 0x0000000086700000|  0%| F|  |TS  0|AC  0|TAMS 0x0000000086600000, 0x0000000086600000|
|  81|0x0000000086700000, 0x0000000086700000, 0x0000000086800000|  0%| F|  |TS  0|AC  0|TAMS 0x0000000086700000, 0x0000000086700000|
|  82|0x0000000086800000, 0x0000000086800000, 0x0000000086900000|  0%| F|  |TS  0|AC  0|TAMS 0x0000000086800000, 0x0000000086800000|
|  83|0x0000000086900000, 0x0000000086900000, 0x0000000086a00000|  0%| F|  |TS  0|AC  0|TAMS 0x0000000086900000, 0x0000000086900000|
|  84|0x0000000086a00000, 0x0000000086a00000, 0x0000000086b00000|  0%| F|  |TS  0|AC  0|TAMS 0x0000000086a00000, 0x0000000086a00000|
|  85|0x0000000086b00000, 0x0000000086b00000, 0x0000000086c00000|  0%| F|  |TS  0|AC  0|TAMS 0x0000000086b00000, 0x0000000086b00000|
|  86|0x0000000086c00000, 0x0000000086c00000, 0x0000000086d00000|  0%| F|  |TS  0|AC  0|TAMS 0x0000000086c00000, 0x0000000086c00000|
|  87|0x0000000086d00000, 0x0000000086d00000, 0x0000000086e00000|  0%| F|  |TS  0|AC  0|TAMS 0x0000000086d00000, 0x0000000086d00000|
|  88|0x0000000086e00000, 0x0000000086e00000, 0x0000000086f00000|  0%| F|  |TS  0|AC  0|TAMS 0x0000000086e00000, 0x0000000086e00000|
|  89|0x0000000086f00000, 0x0000000086f00000, 0x0000000087000000|  0%| F|  |TS  0|AC  0|TAMS 0x0000000086f00000, 0x0000000086f00000|
|  90|0x0000000087000000, 0x0000000087000000, 0x0000000087100000|  0%| F|  |TS  0|AC  0|TAMS 0x0000000087000000, 0x0000000087000000|
|  91|0x0000000087100000, 0x0000000087100000, 0x0000000087200000|  0%| F|  |TS  0|AC  0|TAMS 0x0000000087100000, 0x0000000087100000|
|  92|0x0000000087200000, 0x0000000087200000, 0x0000000087300000|  0%| F|  |TS  0|AC  0|TAMS 0x0000000087200000, 0x0000000087200000|
|  93|0x0000000087300000, 0x0000000087300000, 0x0000000087400000|  0%| F|  |TS  0|AC  0|TAMS 0x0000000087300000, 0x0000000087300000|
|  94|0x0000000087400000, 0x0000000087400000, 0x0000000087500000|  0%| F|  |TS  0|AC  0|TAMS 0x0000000087400000, 0x0000000087400000|
|  95|0x0000000087500000, 0x0000000087500000, 0x0000000087600000|  0%| F|  |TS  0|AC  0|TAMS 0x0000000087500000, 0x0000000087500000|
|  96|0x0000000087600000, 0x0000000087600000, 0x0000000087700000|  0%| F|  |TS  0|AC  0|TAMS 0x0000000087600000, 0x0000000087600000|
|  97|0x0000000087700000, 0x0000000087700000, 0x0000000087800000|  0%| F|  |TS  0|AC  0|TAMS 0x0000000087700000, 0x0000000087700000|
|  98|0x0000000087800000, 0x0000000087800000, 0x0000000087900000|  0%| F|  |TS  0|AC  0|TAMS 0x0000000087800000, 0x0000000087800000|
|  99|0x0000000087900000, 0x0000000087900000, 0x0000000087a00000|  0%| F|  |TS  0|AC  0|TAMS 0x0000000087900000, 0x0000000087900000|
| 100|0x0000000087a00000, 0x0000000087a00000, 0x0000000087b00000|  0%| F|  |TS  0|AC  0|TAMS 0x0000000087a00000, 0x0000000087a00000|
| 101|0x0000000087b00000, 0x0000000087b00000, 0x0000000087c00000|  0%| F|  |TS  0|AC  0|TAMS 0x0000000087b00000, 0x0000000087b00000|
| 102|0x0000000087c00000, 0x0000000087c00000, 0x0000000087d00000|  0%| F|  |TS  0|AC  0|TAMS 0x0000000087c00000, 0x0000000087c00000|
| 103|0x0000000087d00000, 0x0000000087d00000, 0x0000000087e00000|  0%| F|  |TS  0|AC  0|TAMS 0x0000000087d00000, 0x0000000087d00000|
| 104|0x0000000087e00000, 0x0000000087e00000, 0x0000000087f00000|  0%| F|  |TS  0|AC  0|TAMS 0x0000000087e00000, 0x0000000087e00000|
| 105|0x0000000087f00000, 0x0000000087f00000, 0x0000000088000000|  0%| F|  |TS  0|AC  0|TAMS 0x0000000087f00000, 0x0000000087f00000|
| 106|0x0000000088000000, 0x0000000088000000, 0x0000000088100000|  0%| F|  |TS  0|AC  0|TAMS 0x0000000088000000, 0x0000000088000000|
| 107|0x0000000088100000, 0x0000000088180800, 0x0000000088200000| 50%| E|  |TS  0|AC  0|TAMS 0x0000000088100000, 0x0000000088100000|
| 108|0x0000000088200000, 0x0000000088300000, 0x0000000088300000|100%| E|CS|TS  0|AC  0|TAMS 0x0000000088200000, 0x0000000088200000|
| 109|0x0000000088300000, 0x0000000088400000, 0x0000000088400000|100%| E|CS|TS  0|AC  0|TAMS 0x0000000088300000, 0x0000000088300000|
| 110|0x0000000088400000, 0x0000000088500000, 0x0000000088500000|100%| E|CS|TS  0|AC  0|TAMS 0x0000000088400000, 0x0000000088400000|
| 111|0x0000000088500000, 0x0000000088600000, 0x0000000088600000|100%| E|CS|TS  0|AC  0|TAMS 0x0000000088500000, 0x0000000088500000|
| 112|0x0000000088600000, 0x0000000088700000, 0x0000000088700000|100%| S|CS|TS  1|AC  0|TAMS 0x0000000088600000, 0x0000000088600000|
| 113|0x0000000088700000, 0x0000000088800000, 0x0000000088800000|100%| S|CS|TS  1|AC  0|TAMS 0x0000000088700000, 0x0000000088700000|
| 114|0x0000000088800000, 0x0000000088900000, 0x0000000088900000|100%| E|CS|TS  1|AC  0|TAMS 0x0000000088800000, 0x0000000088800000|
| 115|0x0000000088900000, 0x0000000088a00000, 0x0000000088a00000|100%| E|CS|TS  1|AC  0|TAMS 0x0000000088900000, 0x0000000088900000|
| 116|0x0000000088a00000, 0x0000000088b00000, 0x0000000088b00000|100%| E|CS|TS  1|AC  0|TAMS 0x0000000088a00000, 0x0000000088a00000|
| 117|0x0000000088b00000, 0x0000000088c00000, 0x0000000088c00000|100%| E|CS|TS  1|AC  0|TAMS 0x0000000088b00000, 0x0000000088b00000|
| 118|0x0000000088c00000, 0x0000000088d00000, 0x0000000088d00000|100%| E|CS|TS  1|AC  0|TAMS 0x0000000088c00000, 0x0000000088c00000|
| 119|0x0000000088d00000, 0x0000000088e00000, 0x0000000088e00000|100%| E|CS|TS  1|AC  0|TAMS 0x0000000088d00000, 0x0000000088d00000|
| 120|0x0000000088e00000, 0x0000000088f00000, 0x0000000088f00000|100%| E|CS|TS  1|AC  0|TAMS 0x0000000088e00000, 0x0000000088e00000|
| 121|0x0000000088f00000, 0x0000000089000000, 0x0000000089000000|100%| E|CS|TS  1|AC  0|TAMS 0x0000000088f00000, 0x0000000088f00000|
| 122|0x0000000089000000, 0x0000000089100000, 0x0000000089100000|100%| E|CS|TS  1|AC  0|TAMS 0x0000000089000000, 0x0000000089000000|
| 123|0x0000000089100000, 0x0000000089200000, 0x0000000089200000|100%| E|CS|TS  1|AC  0|TAMS 0x0000000089100000, 0x0000000089100000|
| 124|0x0000000089200000, 0x0000000089300000, 0x0000000089300000|100%| E|CS|TS  1|AC  0|TAMS 0x0000000089200000, 0x0000000089200000|
| 125|0x0000000089300000, 0x0000000089400000, 0x0000000089400000|100%| E|CS|TS  1|AC  0|TAMS 0x0000000089300000, 0x0000000089300000|
| 126|0x0000000089400000, 0x0000000089500000, 0x0000000089500000|100%| E|CS|TS  1|AC  0|TAMS 0x0000000089400000, 0x0000000089400000|
| 127|0x0000000089500000, 0x0000000089600000, 0x0000000089600000|100%| E|CS|TS  1|AC  0|TAMS 0x0000000089500000, 0x0000000089500000|

Card table byte_map: [0x000001a29d5c0000,0x000001a29d9c0000] byte_map_base: 0x000001a29d1b5000

Marking Bits (Prev, Next): (CMBitMap*) 0x000001a282ecfd00, (CMBitMap*) 0x000001a282ecfd38
 Prev Bits: [0x000001a29ddc0000, 0x000001a29fd68000)
 Next Bits: [0x000001a29fd70000, 0x000001a2a1d18000)

Polling page: 0x000001a280e20000

CodeHeap 'non-profiled nmethods': size=120064Kb used=667Kb max_used=667Kb free=119396Kb
 bounds [0x000001a295c80000, 0x000001a295ef0000, 0x000001a29d1c0000]
CodeHeap 'profiled nmethods': size=120000Kb used=3134Kb max_used=3134Kb free=116865Kb
 bounds [0x000001a28e750000, 0x000001a28ea60000, 0x000001a295c80000]
CodeHeap 'non-nmethods': size=5696Kb used=1158Kb max_used=1239Kb free=4537Kb
 bounds [0x000001a28e1c0000, 0x000001a28e430000, 0x000001a28e750000]
 total_blobs=2087 nmethods=1414 adapters=287
 compilation: enabled

Compilation events (10 events):
Event: 426.238 Thread 0x000001a2a423e800 1410       3       org.eclipse.jdt.launching.internal.org.objectweb.asm.ClassWriter::visitField (53 bytes)
Event: 426.239 Thread 0x000001a2a423e800 nmethod 1410 0x000001a28ea5e310 code [0x000001a28ea5e4e0, 0x000001a28ea5e8d0]
Event: 426.239 Thread 0x000001a2a423e800 1411       3       org.eclipse.jdt.launching.internal.org.objectweb.asm.FieldWriter::<init> (69 bytes)
Event: 426.239 Thread 0x000001a2a423e800 nmethod 1411 0x000001a28ea5ea10 code [0x000001a28ea5ec20, 0x000001a28ea5f050]
Event: 426.239 Thread 0x000001a2a423e800 1412       3       org.eclipse.jdt.launching.internal.org.objectweb.asm.FieldVisitor::<init> (7 bytes)
Event: 426.239 Thread 0x000001a2a423e800 nmethod 1412 0x000001a28ea5f210 code [0x000001a28ea5f3c0, 0x000001a28ea5f570]
Event: 426.239 Thread 0x000001a2a423e800 1413       3       org.eclipse.jdt.launching.internal.org.objectweb.asm.FieldWriter::visitEnd (1 bytes)
Event: 426.239 Thread 0x000001a2a423e800 nmethod 1413 0x000001a28ea5f610 code [0x000001a28ea5f7c0, 0x000001a28ea5f918]
Event: 454.011 Thread 0x000001a2a422f000 1414       4       org.eclipse.jdt.launching.internal.org.objectweb.asm.ByteVector::putByteArray (49 bytes)
Event: 454.021 Thread 0x000001a2a422f000 nmethod 1414 0x000001a295d26b10 code [0x000001a295d26ca0, 0x000001a295d26e58]

GC Heap History (2 events):
Event: 0.668 GC heap before
{Heap before GC invocations=0 (full 0):
 garbage-first heap   total 131072K, used 14336K [0x0000000081600000, 0x0000000100000000)
  region size 1024K, 14 young (14336K), 0 survivors (0K)
 Metaspace       used 10302K, capacity 10462K, committed 10752K, reserved 1058816K
  class space    used 875K, capacity 953K, committed 1024K, reserved 1048576K
}
Event: 0.672 GC heap after
{Heap after GC invocations=1 (full 0):
 garbage-first heap   total 131072K, used 2362K [0x0000000081600000, 0x0000000100000000)
  region size 1024K, 2 young (2048K), 2 survivors (2048K)
 Metaspace       used 10302K, capacity 10462K, committed 10752K, reserved 1058816K
  class space    used 875K, capacity 953K, committed 1024K, reserved 1048576K
}

Deoptimization events (10 events):
Event: 0.520 Thread 0x000001a282e37000 Uncommon trap: reason=bimorphic_or_optimized_type_check action=maybe_recompile pc=0x000001a295ca755c method=java.util.HashMap.getNode(ILjava/lang/Object;)Ljava/util/HashMap$Node; @ 126 c2
Event: 0.856 Thread 0x000001a282e37000 Uncommon trap: reason=unstable_if action=reinterpret pc=0x000001a295cb27fc method=java.util.HashMap.getNode(ILjava/lang/Object;)Ljava/util/HashMap$Node; @ 62 c2
Event: 0.873 Thread 0x000001a282e37000 Uncommon trap: reason=class_check action=maybe_recompile pc=0x000001a295c9dc80 method=java.util.HashMap.putVal(ILjava/lang/Object;Ljava/lang/Object;ZZ)Ljava/lang/Object; @ 253 c2
Event: 0.874 Thread 0x000001a282e37000 Uncommon trap: reason=unstable_if action=reinterpret pc=0x000001a295ce5534 method=java.util.HashMap.getNode(ILjava/lang/Object;)Ljava/util/HashMap$Node; @ 129 c2
Event: 0.884 Thread 0x000001a282e37000 Uncommon trap: reason=class_check action=maybe_recompile pc=0x000001a295c9dc80 method=java.util.HashMap.putVal(ILjava/lang/Object;Ljava/lang/Object;ZZ)Ljava/lang/Object; @ 253 c2
Event: 0.885 Thread 0x000001a282e37000 Uncommon trap: reason=class_check action=maybe_recompile pc=0x000001a295c9dc80 method=java.util.HashMap.putVal(ILjava/lang/Object;Ljava/lang/Object;ZZ)Ljava/lang/Object; @ 253 c2
Event: 0.924 Thread 0x000001a282e37000 Uncommon trap: reason=class_check action=maybe_recompile pc=0x000001a295c9dc80 method=java.util.HashMap.putVal(ILjava/lang/Object;Ljava/lang/Object;ZZ)Ljava/lang/Object; @ 253 c2
Event: 1.076 Thread 0x000001a282e37000 Uncommon trap: reason=unstable_if action=reinterpret pc=0x000001a295ceebe8 method=org.eclipse.jdt.launching.internal.org.objectweb.asm.ByteVector.putInt(I)Lorg/eclipse/jdt/launching/internal/org/objectweb/asm/ByteVector; @ 13 c2
Event: 1.076 Thread 0x000001a282e37000 Uncommon trap: reason=unstable_if action=reinterpret pc=0x000001a295cf73a4 method=org.eclipse.jdt.launching.internal.org.objectweb.asm.Label.resolve([BI)Z @ 80 c2
Event: 1.076 Thread 0x000001a282e37000 Uncommon trap: reason=unstable_if action=reinterpret pc=0x000001a295cfa2e4 method=org.eclipse.jdt.launching.internal.org.objectweb.asm.Label.resolve([BI)Z @ 80 c2

Classes redefined (4 events):
Event: 343.906 Thread 0x000001a2a420e800 redefined class name=assign03.SimplePriorityQueue, count=1
Event: 426.248 Thread 0x000001a2a420e800 redefined class name=assign03.SimplePriorityQueue, count=2
Event: 454.020 Thread 0x000001a2a420e800 redefined class name=assign03.SimplePriorityQueue, count=3
Event: 591.981 Thread 0x000001a2a420e800 redefined class name=assign03.SimplePriorityQueue, count=4

Internal exceptions (10 events):
Event: 0.891 Thread 0x000001a282e37000 Exception <a 'java/lang/NoSuchMethodError'{0x0000000088d11c38}: java.lang.Object.lambda$andThen$1(Ljava/util/function/Function;Ljava/lang/Object;)Ljava/lang/Object;> (0x0000000088d11c38) thrown at [t:/workspace/open/src/hotspot/share/interpreter/linkResol
Event: 0.920 Thread 0x000001a282e37000 Exception <a 'java/lang/NoSuchMethodError'{0x0000000088d696e8}: java.lang.invoke.DirectMethodHandle$Holder.invokeSpecial(Ljava/lang/Object;Ljava/lang/Object;Ljava/lang/Object;Ljava/lang/Object;)V> (0x0000000088d696e8) thrown at [t:/workspace/open/src/hots
Event: 0.952 Thread 0x000001a282e37000 Exception <a 'java/lang/NoSuchMethodError'{0x0000000088c51248}: java.lang.invoke.DirectMethodHandle$Holder.invokeVirtual(Ljava/lang/Object;Ljava/lang/Object;Ljava/lang/Object;)I> (0x0000000088c51248) thrown at [t:/workspace/open/src/hotspot/share/interpre
Event: 0.955 Thread 0x000001a282e37000 Exception <a 'java/lang/NoSuchMethodError'{0x0000000088c5f2f8}: java.lang.Object.lambda$accept$0(Lorg/junit/platform/engine/TestDescriptor$Visitor;Lorg/junit/platform/engine/TestDescriptor;)V> (0x0000000088c5f2f8) thrown at [t:/workspace/open/src/hotspot/
Event: 0.958 Thread 0x000001a282e37000 Exception <a 'java/lang/NoSuchMethodError'{0x0000000088c741d0}: java.lang.invoke.DirectMethodHandle$Holder.invokeInterface(Ljava/lang/Object;Ljava/lang/Object;)V> (0x0000000088c741d0) thrown at [t:/workspace/open/src/hotspot/share/interpreter/linkResolver
Event: 0.958 Thread 0x000001a282e37000 Exception <a 'java/lang/IncompatibleClassChangeError'{0x0000000088c76e90}: Found class java.lang.Object, but interface was expected> (0x0000000088c76e90) thrown at [t:/workspace/open/src/hotspot/share/interpreter/linkResolver.cpp, line 807]
Event: 0.961 Thread 0x000001a282e37000 Exception <a 'java/lang/NoSuchMethodError'{0x0000000088c81f28}: java.lang.Object.containsTests(Lorg/junit/platform/engine/TestDescriptor;)Z> (0x0000000088c81f28) thrown at [t:/workspace/open/src/hotspot/share/interpreter/linkResolver.cpp, line 741]
Event: 1.013 Thread 0x000001a282e37000 Exception <a 'java/lang/NoSuchMethodError'{0x0000000088954148}: java.lang.invoke.DirectMethodHandle$Holder.invokeStatic(Ljava/lang/Object;Ljava/lang/Object;Ljava/lang/Object;Ljava/lang/Object;)I> (0x0000000088954148) thrown at [t:/workspace/open/src/hotsp
Event: 1.019 Thread 0x000001a282e37000 Exception <a 'java/lang/NoSuchMethodError'{0x000000008896f2e0}: java.lang.invoke.DirectMethodHandle$Holder.invokeInterface(Ljava/lang/Object;Ljava/lang/Object;Ljava/lang/Object;)V> (0x000000008896f2e0) thrown at [t:/workspace/open/src/hotspot/share/interp
Event: 1.113 Thread 0x000001a282e37000 Exception <a 'java/lang/NoSuchMethodError'{0x000000008834f948}: java.lang.Object.lambda$and$0(Ljava/util/function/Predicate;Ljava/lang/Object;)Z> (0x000000008834f948) thrown at [t:/workspace/open/src/hotspot/share/interpreter/linkResolver.cpp, line 741]

Events (10 events):
Event: 594.189 Executing VM operation: GetFrameLocation done
Event: 594.189 Executing VM operation: GetOrSetLocal
Event: 594.190 Executing VM operation: GetOrSetLocal done
Event: 594.190 Executing VM operation: GetFrameLocation
Event: 594.190 Executing VM operation: GetFrameLocation done
Event: 594.190 Executing VM operation: GetOrSetLocal
Event: 594.190 Executing VM operation: GetOrSetLocal done
Event: 594.406 Executing VM operation: GetFrameLocation
Event: 594.406 Executing VM operation: GetFrameLocation done
Event: 594.406 Executing VM operation: GetOrSetLocal


Dynamic libraries:
0x00007ff7625b0000 - 0x00007ff7625ee000 	C:\Program Files\Java\jdk-10.0.1\bin\javaw.exe
0x00007ff991890000 - 0x00007ff991a71000 	C:\WINDOWS\SYSTEM32\ntdll.dll
0x00007ff9901c0000 - 0x00007ff990272000 	C:\WINDOWS\System32\KERNEL32.DLL
0x00007ff98df20000 - 0x00007ff98e193000 	C:\WINDOWS\System32\KERNELBASE.dll
0x00007ff991270000 - 0x00007ff991311000 	C:\WINDOWS\System32\ADVAPI32.dll
0x00007ff9909e0000 - 0x00007ff990a7e000 	C:\WINDOWS\System32\msvcrt.dll
0x00007ff991400000 - 0x00007ff99145b000 	C:\WINDOWS\System32\sechost.dll
0x00007ff990300000 - 0x00007ff990424000 	C:\WINDOWS\System32\RPCRT4.dll
0x00007ff990820000 - 0x00007ff9909b0000 	C:\WINDOWS\System32\USER32.dll
0x00007ff98df00000 - 0x00007ff98df20000 	C:\WINDOWS\System32\win32u.dll
0x00007ff9909b0000 - 0x00007ff9909d8000 	C:\WINDOWS\System32\GDI32.dll
0x00007ff98dc60000 - 0x00007ff98ddf2000 	C:\WINDOWS\System32\gdi32full.dll
0x00007ff98e4c0000 - 0x00007ff98e55f000 	C:\WINDOWS\System32\msvcp_win.dll
0x00007ff98de00000 - 0x00007ff98defa000 	C:\WINDOWS\System32\ucrtbase.dll
0x00007ff97b270000 - 0x00007ff97b27a000 	C:\WINDOWS\SYSTEM32\VERSION.dll
0x00007ff977320000 - 0x00007ff977589000 	C:\WINDOWS\WinSxS\amd64_microsoft.windows.common-controls_6595b64144ccf1df_6.0.17134.523_none_fb409dd930672a56\COMCTL32.dll
0x00007ff9904e0000 - 0x00007ff990802000 	C:\WINDOWS\System32\combase.dll
0x00007ff98e440000 - 0x00007ff98e4ba000 	C:\WINDOWS\System32\bcryptPrimitives.dll
0x00007ff991830000 - 0x00007ff99185d000 	C:\WINDOWS\System32\IMM32.DLL
0x00007ff96a850000 - 0x00007ff96a93f000 	C:\Program Files\Java\jdk-10.0.1\bin\msvcr120.dll
0x00007ff973500000 - 0x00007ff9735a6000 	C:\Program Files\Java\jdk-10.0.1\bin\msvcp120.dll
0x000000006c870000 - 0x000000006d2e0000 	C:\Program Files\Java\jdk-10.0.1\bin\server\jvm.dll
0x00007ff991260000 - 0x00007ff991268000 	C:\WINDOWS\System32\PSAPI.DLL
0x00007ff9752a0000 - 0x00007ff9752a9000 	C:\WINDOWS\SYSTEM32\WSOCK32.dll
0x00007ff98a000000 - 0x00007ff98a023000 	C:\WINDOWS\SYSTEM32\WINMM.dll
0x00007ff9911f0000 - 0x00007ff99125c000 	C:\WINDOWS\System32\WS2_32.dll
0x00007ff989f70000 - 0x00007ff989f9a000 	C:\WINDOWS\SYSTEM32\winmmbase.dll
0x00007ff98ec70000 - 0x00007ff98ecb9000 	C:\WINDOWS\System32\cfgmgr32.dll
0x00007ff98aee0000 - 0x00007ff98aeef000 	C:\Program Files\Java\jdk-10.0.1\bin\verify.dll
0x00007ff98c4e0000 - 0x00007ff98c6a9000 	C:\WINDOWS\SYSTEM32\DBGHELP.DLL
0x00007ff987c70000 - 0x00007ff987c99000 	C:\WINDOWS\SYSTEM32\dbgcore.DLL
0x00007ff989610000 - 0x00007ff989637000 	C:\Program Files\Java\jdk-10.0.1\bin\java.dll
0x00007ff987d00000 - 0x00007ff987d36000 	C:\Program Files\Java\jdk-10.0.1\bin\jdwp.dll
0x00007ff97c5c0000 - 0x00007ff97c5ea000 	C:\Program Files\Java\jdk-10.0.1\bin\instrument.dll
0x00007ff9895f0000 - 0x00007ff989606000 	C:\Program Files\Java\jdk-10.0.1\bin\zip.dll
0x00007ff9897a0000 - 0x00007ff9897aa000 	C:\Program Files\Java\jdk-10.0.1\bin\jimage.dll
0x00007ff98ed20000 - 0x00007ff990160000 	C:\WINDOWS\System32\SHELL32.dll
0x00007ff990430000 - 0x00007ff9904d9000 	C:\WINDOWS\System32\shcore.dll
0x00007ff98e560000 - 0x00007ff98ec6d000 	C:\WINDOWS\System32\windows.storage.dll
0x00007ff991320000 - 0x00007ff991371000 	C:\WINDOWS\System32\shlwapi.dll
0x00007ff98dc20000 - 0x00007ff98dc31000 	C:\WINDOWS\System32\kernel.appcore.dll
0x00007ff98dc40000 - 0x00007ff98dc5f000 	C:\WINDOWS\System32\profapi.dll
0x00007ff98dbb0000 - 0x00007ff98dbfc000 	C:\WINDOWS\System32\powrprof.dll
0x00007ff98dba0000 - 0x00007ff98dbaa000 	C:\WINDOWS\System32\FLTLIB.DLL
0x00007ff98a110000 - 0x00007ff98a11a000 	C:\Program Files\Java\jdk-10.0.1\bin\dt_socket.dll
0x00007ff98d420000 - 0x00007ff98d486000 	C:\WINDOWS\System32\mswsock.dll
0x00007ff98d1e0000 - 0x00007ff98d29e000 	C:\WINDOWS\SYSTEM32\DNSAPI.dll
0x00007ff990810000 - 0x00007ff990818000 	C:\WINDOWS\System32\NSI.dll
0x00007ff98d1a0000 - 0x00007ff98d1d8000 	C:\WINDOWS\SYSTEM32\IPHLPAPI.DLL
0x00007ff980f90000 - 0x00007ff981002000 	C:\WINDOWS\System32\fwpuclnt.dll
0x00007ff98d700000 - 0x00007ff98d725000 	C:\WINDOWS\SYSTEM32\bcrypt.dll
0x00007ff980750000 - 0x00007ff98075a000 	C:\Windows\System32\rasadhlp.dll
0x00007ff988630000 - 0x00007ff98864a000 	C:\Program Files\Java\jdk-10.0.1\bin\net.dll
0x00007ff987860000 - 0x00007ff98793d000 	C:\WINDOWS\SYSTEM32\WINHTTP.dll
0x00007ff988000000 - 0x00007ff988011000 	C:\Program Files\Java\jdk-10.0.1\bin\nio.dll

dbghelp: loaded successfully - version: 4.0.5 - missing functions: none
symbol engine: initialized successfully - sym options: 0x614 - pdb path: .;C:\Program Files\Java\jdk-10.0.1\bin;C:\WINDOWS\SYSTEM32;C:\WINDOWS\WinSxS\amd64_microsoft.windows.common-controls_6595b64144ccf1df_6.0.17134.523_none_fb409dd930672a56;C:\Program Files\Java\jdk-10.0.1\bin\server

VM Arguments:
jvm_args: -agentlib:jdwp=transport=dt_socket,suspend=y,address=localhost:62796 -ea -javaagent:C:\Users\Dan\eclipse\java-2018-09\eclipse\configuration\org.eclipse.osgi\237\0\.cp\lib\javaagent-shaded.jar -Dfile.encoding=Cp1252 
java_command: org.eclipse.jdt.internal.junit.runner.RemoteTestRunner -version 3 -port 62795 -testLoaderClass org.eclipse.jdt.internal.junit5.runner.JUnit5TestLoader -loaderpluginname org.eclipse.jdt.junit5.runtime -classNames assign03.SimplePriorityQueueTester
java_class_path (initial): C:\Users\Dan\Desktop\CS2420\PS3\bin;C:\Users\Dan\.p2\pool\plugins\org.junit.jupiter.api_5.1.0.v20180327-1502.jar;C:\Users\Dan\.p2\pool\plugins\org.junit.jupiter.engine_5.1.0.v20180327-1502.jar;C:\Users\Dan\.p2\pool\plugins\org.junit.jupiter.migrationsupport_5.1.0.v20180327-1502.jar;C:\Users\Dan\.p2\pool\plugins\org.junit.jupiter.params_5.1.0.v20180327-1502.jar;C:\Users\Dan\.p2\pool\plugins\org.junit.platform.commons_1.1.0.v20180327-1502.jar;C:\Users\Dan\.p2\pool\plugins\org.junit.platform.engine_1.1.0.v20180327-1502.jar;C:\Users\Dan\.p2\pool\plugins\org.junit.platform.launcher_1.1.0.v20180327-1502.jar;C:\Users\Dan\.p2\pool\plugins\org.junit.platform.runner_1.1.0.v20180327-1502.jar;C:\Users\Dan\.p2\pool\plugins\org.junit.platform.suite.api_1.1.0.v20180327-1502.jar;C:\Users\Dan\.p2\pool\plugins\org.junit.vintage.engine_5.1.0.v20180327-1502.jar;C:\Users\Dan\.p2\pool\plugins\org.opentest4j_1.0.0.v20180327-1502.jar;C:\Users\Dan\.p2\pool\plugins\org.apiguardian_1.0.0.v20180327-1502.jar;C:\Users\Dan\.p2\pool\plugins\org.junit_4.12.0.v201504281640\junit.jar;C:\Users\Dan\.p2\pool\plugins\org.hamcrest.core_1.3.0.v20180420-1519.jar;C:\Users\Dan\eclipse\java-2018-09\eclipse\configuration\org.eclipse.osgi\236\0\.cp;C:\Users\Dan\eclipse\java-2018-09\eclipse\configuration\org.eclipse.osgi\234\0\.cp
Launcher Type: SUN_STANDARD

Logging:
Log output configuration:
#0: stdout all=warning uptime,level,tags
#1: stderr all=off uptime,level,tags

Environment Variables:
PATH=C:/Program Files/Java/jdk-10.0.1/bin/server;C:/Program Files/Java/jdk-10.0.1/bin;C:\Program Files (x86)\Common Files\Oracle\Java\javapath;C:\ProgramData\Oracle\Java\javapath;C:\Program Files\Java\jdk-10.0.1\bin;C:\WINDOWS\system32;C:\WINDOWS;C:\WINDOWS\System32\Wbem;C:\WINDOWS\System32\WindowsPowerShell\v1.0\;C:\WINDOWS\System32\OpenSSH\;C:\Program Files\Intel\WiFi\bin\;C:\Program Files\Common Files\Intel\WirelessCommon\;C:\Program Files\Java\jdk-10.0.1\bin;;%USERPROFILE%\AppData\Local\Microsoft\WindowsApps;C:\Users\Dan\eclipse\java-2018-09\eclipse;
USERNAME=Dan
OS=Windows_NT
PROCESSOR_IDENTIFIER=Intel64 Family 6 Model 78 Stepping 3, GenuineIntel



---------------  S Y S T E M  ---------------

OS: Windows 10 , 64 bit Build 17134 (10.0.17134.1)

CPU:total 4 (initial active 4) (2 cores per cpu, 2 threads per core) family 6 model 78 stepping 3, cmov, cx8, fxsr, mmx, sse, sse2, sse3, ssse3, sse4.1, sse4.2, popcnt, avx, avx2, aes, clmul, erms, 3dnowpref, lzcnt, ht, tsc, tscinvbit, bmi1, bmi2, adx, fma

Memory: 4k page, physical 8294688k(4135864k free), swap 9605408k(3487968k free)

vm_info: Java HotSpot(TM) 64-Bit Server VM (10.0.1+10) for windows-amd64 JRE (10.0.1+10), built on Mar 27 2018 02:27:48 by "mach5one" with MS VC++ 12.0 (VS2013)

END.
